*** Using Compiler 'V5.06 update 7 (build 960)', folder: 'D:\Program Files\KEIL5\ARM\ARMCC\Bin'
Rebuild target 'Target'
assembling startup_stm32f10x_hd.s...
compiling core_cm3.c...
compiling stm32f10x_bkp.c...
compiling system_stm32f10x.c...
compiling misc.c...
compiling stm32f10x_adc.c...
compiling stm32f10x_crc.c...
compiling stm32f10x_fsmc.c...
compiling stm32f10x_iwdg.c...
compiling stm32f10x_pwr.c...
compiling stm32f10x_cec.c...
compiling stm32f10x_dma.c...
compiling akm_tim.c...
compiling stm32f10x_dbgmcu.c...
compiling stm32f10x_exti.c...
compiling akm_volt.c...
compiling stm32f10x_rcc.c...
compiling VofaPlus.c...
compiling stm32f10x_dac.c...
compiling stm32f10x_spi.c...
compiling akm_Initial.c...
compiling stm32f10x_sdio.c...
compiling inv_mpu_dmp_motion_driver.c...
compiling stm32f10x_wwdg.c...
compiling stm32f10x_i2c.c...
compiling akm_encoder.c...
compiling stm32f10x_it.c...
compiling taskloop.c...
compiling stm32f10x_rtc.c...
compiling akm_servo.c...
compiling stm32f10x_can.c...
compiling stm32f10x_usart.c...
compiling stm32f10x_flash.c...
compiling akm_motor.c...
compiling akm_uart_pc.c...
compiling stm32f10x_gpio.c...
compiling main.c...
compiling mpu_6050.c...
compiling akm_uart_pi.c...
compiling stm32f10x_tim.c...
compiling akm_control.c...
compiling mymath.c...
compiling inv_mpu.c...
linking...
Program Size: Code=24412 RO-data=4188 RW-data=360 ZI-data=1200  
FromELF: creating hex file...
".\Objects\AKMX2_XuZ.axf" - 0 Error(s), 0 Warning(s).
Build Time Elapsed:  00:00:02
